# JRE version: Java(TM) SE Runtime Environment (8.0_45-b14) (build 1.8.0_45-b14)
# Java VM: Java HotSpot(TM) 64-Bit Server VM (25.45-b02 mixed mode linux-amd64 compressed oops)
Heap:
 PSYoungGen      total 133120K, used 58714K [0x00000000ebf80000, 0x00000000f5380000, 0x0000000100000000)
  eden space 123904K, 39% used [0x00000000ebf80000,0x00000000eefda988,0x00000000f3880000)
  from space 9216K, 99% used [0x00000000f4480000,0x00000000f4d7c010,0x00000000f4d80000)
  to   space 12288K, 0% used [0x00000000f3880000,0x00000000f3880000,0x00000000f4480000)
 ParOldGen       total 42496K, used 14870K [0x00000000c3e00000, 0x00000000c6780000, 0x00000000ebf80000)
  object space 42496K, 34% used [0x00000000c3e00000,0x00000000c4c85968,0x00000000c6780000)
 Metaspace       used 17780K, capacity 17966K, committed 18048K, reserved 1064960K
  class space    used 2054K, capacity 2153K, committed 2176K, reserved 1048576K
GC Heap History (10 events):
Event: 1,531 GC heap before
{Heap before GC invocations=4 (full 0):
 PSYoungGen      total 18432K, used 18416K [0x00000000ebf80000, 0x00000000ee380000, 0x0000000100000000)
  eden space 15872K, 100% used [0x00000000ebf80000,0x00000000ecf00000,0x00000000ecf00000)
  from space 2560K, 99% used [0x00000000ecf00000,0x00000000ed17c020,0x00000000ed180000)
  to   space 2560K, 0% used [0x00000000ee100000,0x00000000ee100000,0x00000000ee380000)
 ParOldGen       total 42496K, used 2356K [0x00000000c3e00000, 0x00000000c6780000, 0x00000000ebf80000)
  object space 42496K, 5% used [0x00000000c3e00000,0x00000000c404d038,0x00000000c6780000)
 Metaspace       used 9026K, capacity 9718K, committed 9984K, reserved 1058816K
  class space    used 928K, capacity 982K, committed 1024K, reserved 1048576K
Event: 1,538 GC heap after
Heap after GC invocations=4 (full 0):
 PSYoungGen      total 34304K, used 2528K [0x00000000ebf80000, 0x00000000ee380000, 0x0000000100000000)
  eden space 31744K, 0% used [0x00000000ebf80000,0x00000000ebf80000,0x00000000ede80000)
  from space 2560K, 98% used [0x00000000ee100000,0x00000000ee378050,0x00000000ee380000)
  to   space 2560K, 0% used [0x00000000ede80000,0x00000000ede80000,0x00000000ee100000)
 ParOldGen       total 42496K, used 4313K [0x00000000c3e00000, 0x00000000c6780000, 0x00000000ebf80000)
  object space 42496K, 10% used [0x00000000c3e00000,0x00000000c4236410,0x00000000c6780000)
 Metaspace       used 9026K, capacity 9718K, committed 9984K, reserved 1058816K
  class space    used 928K, capacity 982K, committed 1024K, reserved 1048576K
}
Event: 2,132 GC heap before
{Heap before GC invocations=5 (full 0):
 PSYoungGen      total 34304K, used 34272K [0x00000000ebf80000, 0x00000000ee380000, 0x0000000100000000)
  eden space 31744K, 100% used [0x00000000ebf80000,0x00000000ede80000,0x00000000ede80000)
  from space 2560K, 98% used [0x00000000ee100000,0x00000000ee378050,0x00000000ee380000)
  to   space 2560K, 0% used [0x00000000ede80000,0x00000000ede80000,0x00000000ee100000)
 ParOldGen       total 42496K, used 4313K [0x00000000c3e00000, 0x00000000c6780000, 0x00000000ebf80000)
  object space 42496K, 10% used [0x00000000c3e00000,0x00000000c4236410,0x00000000c6780000)
 Metaspace       used 11176K, capacity 11320K, committed 11520K, reserved 1058816K
  class space    used 1168K, capacity 1240K, committed 1280K, reserved 1048576K
Event: 2,146 GC heap after
Heap after GC invocations=5 (full 0):
 PSYoungGen      total 34304K, used 2544K [0x00000000ebf80000, 0x00000000f0a80000, 0x0000000100000000)
  eden space 31744K, 0% used [0x00000000ebf80000,0x00000000ebf80000,0x00000000ede80000)
  from space 2560K, 99% used [0x00000000ede80000,0x00000000ee0fc040,0x00000000ee100000)
  to   space 6656K, 0% used [0x00000000f0400000,0x00000000f0400000,0x00000000f0a80000)
 ParOldGen       total 42496K, used 7822K [0x00000000c3e00000, 0x00000000c6780000, 0x00000000ebf80000)
  object space 42496K, 18% used [0x00000000c3e00000,0x00000000c45a3b28,0x00000000c6780000)
 Metaspace       used 11176K, capacity 11320K, committed 11520K, reserved 1058816K
  class space    used 1168K, capacity 1240K, committed 1280K, reserved 1048576K
}
Event: 2,509 GC heap before
{Heap before GC invocations=6 (full 0):
 PSYoungGen      total 34304K, used 34288K [0x00000000ebf80000, 0x00000000f0a80000, 0x0000000100000000)
  eden space 31744K, 100% used [0x00000000ebf80000,0x00000000ede80000,0x00000000ede80000)
  from space 2560K, 99% used [0x00000000ede80000,0x00000000ee0fc040,0x00000000ee100000)
  to   space 6656K, 0% used [0x00000000f0400000,0x00000000f0400000,0x00000000f0a80000)
 ParOldGen       total 42496K, used 7822K [0x00000000c3e00000, 0x00000000c6780000, 0x00000000ebf80000)
  object space 42496K, 18% used [0x00000000c3e00000,0x00000000c45a3b28,0x00000000c6780000)
 Metaspace       used 12284K, capacity 12408K, committed 12672K, reserved 1060864K
  class space    used 1297K, capacity 1368K, committed 1408K, reserved 1048576K
Event: 2,520 GC heap after
Heap after GC invocations=6 (full 0):
 PSYoungGen      total 70144K, used 5191K [0x00000000ebf80000, 0x00000000f0a80000, 0x0000000100000000)
  eden space 63488K, 0% used [0x00000000ebf80000,0x00000000ebf80000,0x00000000efd80000)
  from space 6656K, 77% used [0x00000000f0400000,0x00000000f0911e38,0x00000000f0a80000)
  to   space 6656K, 0% used [0x00000000efd80000,0x00000000efd80000,0x00000000f0400000)
 ParOldGen       total 42496K, used 7830K [0x00000000c3e00000, 0x00000000c6780000, 0x00000000ebf80000)
  object space 42496K, 18% used [0x00000000c3e00000,0x00000000c45a5b28,0x00000000c6780000)
 Metaspace       used 12284K, capacity 12408K, committed 12672K, reserved 1060864K
  class space    used 1297K, capacity 1368K, committed 1408K, reserved 1048576K
}
Event: 3,332 GC heap before
{Heap before GC invocations=7 (full 0):
 PSYoungGen      total 70144K, used 68679K [0x00000000ebf80000, 0x00000000f0a80000, 0x0000000100000000)
  eden space 63488K, 100% used [0x00000000ebf80000,0x00000000efd80000,0x00000000efd80000)
  from space 6656K, 77% used [0x00000000f0400000,0x00000000f0911e38,0x00000000f0a80000)
  to   space 6656K, 0% used [0x00000000efd80000,0x00000000efd80000,0x00000000f0400000)
 ParOldGen       total 42496K, used 7830K [0x00000000c3e00000, 0x00000000c6780000, 0x00000000ebf80000)
  object space 42496K, 18% used [0x00000000c3e00000,0x00000000c45a5b28,0x00000000c6780000)
 Metaspace       used 14094K, capacity 14200K, committed 14464K, reserved 1062912K
  class space    used 1518K, capacity 1560K, committed 1664K, reserved 1048576K
Event: 3,349 GC heap after
Heap after GC invocations=7 (full 0):
 PSYoungGen      total 70144K, used 6640K [0x00000000ebf80000, 0x00000000f4d80000, 0x0000000100000000)
  eden space 63488K, 0% used [0x00000000ebf80000,0x00000000ebf80000,0x00000000efd80000)
  from space 6656K, 99% used [0x00000000efd80000,0x00000000f03fc010,0x00000000f0400000)
  to   space 9216K, 0% used [0x00000000f4480000,0x00000000f4480000,0x00000000f4d80000)
 ParOldGen       total 42496K, used 11358K [0x00000000c3e00000, 0x00000000c6780000, 0x00000000ebf80000)
  object space 42496K, 26% used [0x00000000c3e00000,0x00000000c4917aa8,0x00000000c6780000)
 Metaspace       used 14094K, capacity 14200K, committed 14464K, reserved 1062912K
  class space    used 1518K, capacity 1560K, committed 1664K, reserved 1048576K
}
Event: 4,248 GC heap before
{Heap before GC invocations=8 (full 0):
 PSYoungGen      total 70144K, used 70128K [0x00000000ebf80000, 0x00000000f4d80000, 0x0000000100000000)
  eden space 63488K, 100% used [0x00000000ebf80000,0x00000000efd80000,0x00000000efd80000)
  from space 6656K, 99% used [0x00000000efd80000,0x00000000f03fc010,0x00000000f0400000)
  to   space 9216K, 0% used [0x00000000f4480000,0x00000000f4480000,0x00000000f4d80000)
 ParOldGen       total 42496K, used 11358K [0x00000000c3e00000, 0x00000000c6780000, 0x00000000ebf80000)
  object space 42496K, 26% used [0x00000000c3e00000,0x00000000c4917aa8,0x00000000c6780000)
 Metaspace       used 15792K, capacity 15960K, committed 16256K, reserved 1062912K
  class space    used 1795K, capacity 1848K, committed 1920K, reserved 1048576K
Event: 4,261 GC heap after
Heap after GC invocations=8 (full 0):
 PSYoungGen      total 133120K, used 9200K [0x00000000ebf80000, 0x00000000f5380000, 0x0000000100000000)
  eden space 123904K, 0% used [0x00000000ebf80000,0x00000000ebf80000,0x00000000f3880000)
  from space 9216K, 99% used [0x00000000f4480000,0x00000000f4d7c010,0x00000000f4d80000)
  to   space 12288K, 0% used [0x00000000f3880000,0x00000000f3880000,0x00000000f4480000)
 ParOldGen       total 42496K, used 14870K [0x00000000c3e00000, 0x00000000c6780000, 0x00000000ebf80000)
  object space 42496K, 34% used [0x00000000c3e00000,0x00000000c4c85968,0x00000000c6780000)
 Metaspace       used 15792K, capacity 15960K, committed 16256K, reserved 1062912K
  class space    used 1795K, capacity 1848K, committed 1920K, reserved 1048576K
}

